<?xml version="1.0" encoding="UTF-8"?>
<testng-results skipped="0" failed="0" ignored="0" total="2" passed="2">
  <reporter-output>
  </reporter-output>
  <suite name="Default suite" duration-ms="32250" started-at="2022-01-19T21:20:48 CST" finished-at="2022-01-19T21:21:20 CST">
    <groups>
      <group name="cucumber">
        <method signature="AbstractTestNGCucumberTests.feature(cucumber.api.testng.CucumberFeatureWrapper)[pri:0, instance:com.TestRunnnner.TestRunnnnnnr@17d677df]" name="feature" class="cucumber.api.testng.AbstractTestNGCucumberTests"/>
      </group> <!-- cucumber -->
    </groups>
    <test name="Default test" duration-ms="32250" started-at="2022-01-19T21:20:48 CST" finished-at="2022-01-19T21:21:20 CST">
      <class name="com.TestRunnnner.TestRunnnnnnr">
        <test-method status="PASS" signature="launchURL()[pri:0, instance:com.TestRunnnner.TestRunnnnnnr@17d677df]" name="launchURL" is-config="true" duration-ms="4141" started-at="2022-01-19T21:20:48 CST" finished-at="2022-01-19T21:20:52 CST">
          <reporter-output>
          </reporter-output>
        </test-method> <!-- launchURL -->
        <test-method status="PASS" signature="setUpClass()[pri:0, instance:com.TestRunnnner.TestRunnnnnnr@17d677df]" name="setUpClass" is-config="true" duration-ms="1599" started-at="2022-01-19T21:20:52 CST" finished-at="2022-01-19T21:20:53 CST">
          <reporter-output>
          </reporter-output>
        </test-method> <!-- setUpClass -->
        <test-method status="PASS" signature="feature(cucumber.api.testng.CucumberFeatureWrapper)[pri:0, instance:com.TestRunnnner.TestRunnnnnnr@17d677df]" name="feature" duration-ms="13428" started-at="2022-01-19T21:20:53 CST" description="Runs Cucumber Feature" data-provider="features" finished-at="2022-01-19T21:21:07 CST">
          <params>
            <param index="0">
              <value>
                <![CDATA[CyberMondaySele]]>
              </value>
            </param>
          </params>
          <reporter-output>
          </reporter-output>
        </test-method> <!-- feature -->
        <test-method status="PASS" signature="feature(cucumber.api.testng.CucumberFeatureWrapper)[pri:0, instance:com.TestRunnnner.TestRunnnnnnr@17d677df]" name="feature" duration-ms="12035" started-at="2022-01-19T21:21:07 CST" description="Runs Cucumber Feature" data-provider="features" finished-at="2022-01-19T21:21:19 CST">
          <params>
            <param index="0">
              <value>
                <![CDATA[Example - user story]]>
              </value>
            </param>
          </params>
          <reporter-output>
          </reporter-output>
        </test-method> <!-- feature -->
        <test-method status="PASS" signature="tearDownClass()[pri:0, instance:com.TestRunnnner.TestRunnnnnnr@17d677df]" name="tearDownClass" is-config="true" duration-ms="9" started-at="2022-01-19T21:21:19 CST" finished-at="2022-01-19T21:21:19 CST">
          <reporter-output>
          </reporter-output>
        </test-method> <!-- tearDownClass -->
        <test-method status="PASS" signature="closeURL()[pri:0, instance:com.TestRunnnner.TestRunnnnnnr@17d677df]" name="closeURL" is-config="true" duration-ms="830" started-at="2022-01-19T21:21:19 CST" finished-at="2022-01-19T21:21:20 CST">
          <reporter-output>
          </reporter-output>
        </test-method> <!-- closeURL -->
      </class> <!-- com.TestRunnnner.TestRunnnnnnr -->
    </test> <!-- Default test -->
  </suite> <!-- Default suite -->
</testng-results>
